<?xml version="1.0" encoding="UTF-8"?>
<!-- Generated by org.testng.reporters.JUnitReportReporter -->
<testsuite hostname="LAPTOP-OP00BPI3" failures="0" tests="1" name="Test_Class_Runner.Login_Testng_Runner" time="8.031" errors="0" timestamp="2021-10-11T07:42:25 IST" skipped="0">
  <testcase classname="Test_Class_Runner.Login_Testng_Runner" name="Login_Tc1" time="8.031"/>
  <system-out/>
</testsuite> <!-- Test_Class_Runner.Login_Testng_Runner -->
